C:\INTEGRATESYS\C++\INTEGRATESYSLIB\X64\RELEASE\INTEGRATESYSLIB.OBJ
C:\INTEGRATESYS\C++\INTEGRATESYSLIB\X64\RELEASE\VC110.PDB
C:\IntegrateSys\C++\IntegrateSysLib\x64\Release\IntegrateSysLib.lib
C:\IntegrateSys\C++\IntegrateSysLib\x64\Release\IntegrateSysLib.exp
C:\INTEGRATESYS\C++\INTEGRATESYSLIB\X64\RELEASE\INTEGRATESYSLIB.DLL
C:\INTEGRATESYS\C++\INTEGRATESYSLIB\X64\RELEASE\INTEGRATESYSLIB.PDB
C:\IntegrateSys\C++\IntegrateSysLib\x64\Release\IntegrateSysLib.obj
C:\IntegrateSys\C++\IntegrateSysLib\x64\Release\cl.command.1.tlog
C:\IntegrateSys\C++\IntegrateSysLib\x64\Release\CL.read.1.tlog
C:\IntegrateSys\C++\IntegrateSysLib\x64\Release\CL.write.1.tlog
C:\IntegrateSys\C++\IntegrateSysLib\x64\Release\IntegrateSysLib.write.1.tlog
C:\IntegrateSys\C++\IntegrateSysLib\x64\Release\link-cvtres.read.1.tlog
C:\IntegrateSys\C++\IntegrateSysLib\x64\Release\link-cvtres.write.1.tlog
C:\IntegrateSys\C++\IntegrateSysLib\x64\Release\link-rc.read.1.tlog
C:\IntegrateSys\C++\IntegrateSysLib\x64\Release\link-rc.write.1.tlog
C:\IntegrateSys\C++\IntegrateSysLib\x64\Release\link.command.1.tlog
C:\IntegrateSys\C++\IntegrateSysLib\x64\Release\link.read.1.tlog
C:\IntegrateSys\C++\IntegrateSysLib\x64\Release\link.write.1.tlog
C:\IntegrateSys\C++\IntegrateSysLib\x64\Release\IntegrateSysLib.pdb
C:\IntegrateSys\C++\IntegrateSysLib\x64\Release\vc110.pdb
C:\IntegrateSys\C++\IntegrateSysLib\x64\Release\IntegrateSysLib.dll
